<?xml version="1.0" encoding="UTF-8"?>
<testsuite xmlns:xsi="http://www.w3.org/2001/XMLSchema-instance" xsi:noNamespaceSchemaLocation="https://maven.apache.org/surefire/maven-surefire-plugin/xsd/surefire-test-report-3.0.xsd" version="3.0" name="NettyTest" time="0.119" tests="4" errors="0" skipped="0" failures="0">
  <properties>
[...]
</properties>
  <testcase name="testSlice" classname="NettyTest" time="0.061">
    <system-out><![CDATA[1 2 3 4 5 
6 7 8 9 10 ]]></system-out>
    <system-err><![CDATA[SLF4J: Failed to load class "org.slf4j.impl.StaticLoggerBinder".
SLF4J: Defaulting to no-operation (NOP) logger implementation
SLF4J: See http://www.slf4j.org/codes.html#StaticLoggerBinder for further details.
]]></system-err>
  </testcase>
  <testcase name="testByteBuf" classname="NettyTest" time="0.011">
    <system-out><![CDATA[HEADBODY
]]></system-out>
  </testcase>
  <testcase name="testMessage" classname="NettyTest" time="0.007">
    <system-out><![CDATA[Binary representation: 66 67 01 00 7d 00 00 01 00 01 00 02 00 00 00 00 00 03 d6 3f ac ed 00 05 73 72 00 16 63 6f 6d 2e 66 67 2e 6e 65 74 74 79 2e 41 70 70 43 6c 69 65 6e 74 00 00 00 00 00 00 00 01 02 00 02 49 00 04 70 6f 72 74 4c 00 04 68 6f 73 74 74 00 12 4c 6a 61 76 61 2f 6c 61 6e 67 2f 53 74 72 69 6e 67 3b 78 70 00 00 1f 90 74 00 09 31 32 37 2e 30 2e 30 2e 31 
]]></system-out>
  </testcase>
  <testcase name="testWrapper" classname="NettyTest" time="0.001">
    <system-out><![CDATA[1234ABCD
]]></system-out>
  </testcase>
</testsuite>